<?xml version="1.0" encoding="UTF-8"?>
<!-- Generated by org.testng.reporters.JUnitXMLReporter -->
<testsuite ignored="0" hostname="Nitin" failures="0" tests="6" name="Default test" time="11.251" errors="0" timestamp="2024-12-26T03:11:28 IST">
  <testcase classname="com.DemoTestcase.Hometestcase" name="verifygettotalOption" time="0.064"/>
  <testcase classname="com.DemoTestcase.Hometestcase" name="verifymenu" time="0.611"/>
  <testcase classname="com.DemoTestcase.Hometestcase" name="verifyurl" time="0.022"/>
  <testcase classname="com.DemoTestcase.Hometestcase" name="verifysign" time="0.759"/>
  <testcase classname="com.DemoTestcase.Hometestcase" name="Verifyput" time="2.492"/>
  <testcase classname="com.DemoTestcase.Hometestcase" name="login" time="1.055"/>
</testsuite> <!-- Default test -->
