<?xml version="1.0" encoding="UTF-8"?>
<!-- Generated by org.testng.reporters.JUnitXMLReporter -->
<testsuite ignored="0" hostname="Nitin" failures="0" tests="7" name="Default test" time="19.73" errors="0" timestamp="2024-12-29T02:54:44 IST">
  <testcase classname="HRMscenariotestcases.AdminTestcase" name="verifylogin" time="2.318"/>
  <testcase classname="HRMscenariotestcases.AdminTestcase" name="verifycount" time="0.84"/>
  <testcase classname="HRMscenariotestcases.AdminTestcase" name="verifyoption" time="0.379"/>
  <testcase classname="HRMscenariotestcases.AdminTestcase" name="verifyclick" time="1.082"/>
  <testcase classname="HRMscenariotestcases.AdminTestcase" name="verifyadmin" time="1.711"/>
  <testcase classname="HRMscenariotestcases.AdminTestcase" name="verifydrop" time="1.811"/>
  <testcase classname="HRMscenariotestcases.AdminTestcase" name="verifystatus" time="1.238"/>
</testsuite> <!-- Default test -->
