<?xml version="1.0" encoding="UTF-8"?>
<!-- Generated by org.testng.reporters.JUnitXMLReporter -->
<testsuite ignored="0" hostname="Nitin" failures="0" tests="7" name="AdminTestcase" time="18.255" errors="0" timestamp="2024-12-29T03:00:21 IST">
  <testcase classname="HRMscenariotestcases.AdminTestcase" name="verifylogin" time="3.318"/>
  <testcase classname="HRMscenariotestcases.AdminTestcase" name="verifycount" time="0.446"/>
  <testcase classname="HRMscenariotestcases.AdminTestcase" name="verifyoption" time="0.386"/>
  <testcase classname="HRMscenariotestcases.AdminTestcase" name="verifyclick" time="1.962"/>
  <testcase classname="HRMscenariotestcases.AdminTestcase" name="verifyadmin" time="1.881"/>
  <testcase classname="HRMscenariotestcases.AdminTestcase" name="verifydrop" time="1.869"/>
  <testcase classname="HRMscenariotestcases.AdminTestcase" name="verifystatus" time="1.24"/>
</testsuite> <!-- AdminTestcase -->
