<?xml version="1.0" encoding="UTF-8"?>
<!-- Generated by org.testng.reporters.JUnitXMLReporter -->
<testsuite ignored="0" hostname="Nitin" failures="0" tests="6" name="Hometestcase" time="15.556" errors="0" timestamp="2024-12-26T03:32:22 IST">
  <testcase classname="com.DemoTestcase.Hometestcase" name="verifygettotalOption" time="0.185"/>
  <testcase classname="com.DemoTestcase.Hometestcase" name="verifymenu" time="0.925"/>
  <testcase classname="com.DemoTestcase.Hometestcase" name="verifyurl" time="0.009"/>
  <testcase classname="com.DemoTestcase.Hometestcase" name="verifysign" time="0.741"/>
  <testcase classname="com.DemoTestcase.Hometestcase" name="Verifyput" time="2.814"/>
  <testcase classname="com.DemoTestcase.Hometestcase" name="login" time="1.257"/>
</testsuite> <!-- Hometestcase -->
