<?xml version="1.0" encoding="UTF-8"?>
<!-- Generated by org.testng.reporters.JUnitXMLReporter -->
<testsuite ignored="0" hostname="Nitin" failures="0" tests="6" name="Indexcases" time="14.369" errors="0" timestamp="2024-12-26T03:32:37 IST">
  <testcase classname="com.DemoTestcase.Indexcases" name="verifygetcategory" time="0.28"/>
  <testcase classname="com.DemoTestcase.Indexcases" name="verifyalloption" time="1.404"/>
  <testcase classname="com.DemoTestcase.Indexcases" name="verifyUrl" time="0.058"/>
  <testcase classname="com.DemoTestcase.Indexcases" name="verifyselect" time="1.2"/>
  <testcase classname="com.DemoTestcase.Indexcases" name="verifyadd" time="2.449"/>
  <testcase classname="com.DemoTestcase.Indexcases" name="verifylink" time="4.116"/>
</testsuite> <!-- Indexcases -->
