<?xml version="1.0" encoding="UTF-8"?>
<!-- Generated by org.testng.reporters.JUnitXMLReporter -->
<testsuite ignored="0" hostname="Nitin" failures="6" tests="8" name="loginandlogout" time="35.351" errors="0" timestamp="2024-12-29T02:40:08 IST">
  <testcase classname="com.HRM.loginandlogout" name="login" time="5.979">
    <failure type="java.lang.AssertionError" message="Invalid Credentials expected [true] but found [false]">
      <![CDATA[java.lang.AssertionError: Invalid Credentials expected [true] but found [false]
at com.HRM.loginandlogout.login(loginandlogout.java:63)
at java.base/java.util.ArrayList.forEach(ArrayList.java:1511)
... Removed 30 stack frames]]>
    </failure>
  </testcase> <!-- login -->
  <testcase classname="com.HRM.loginandlogout" name="login" time="1.614">
    <failure type="java.lang.AssertionError" message="Invalid Credentials expected [true] but found [false]">
      <![CDATA[java.lang.AssertionError: Invalid Credentials expected [true] but found [false]
at com.HRM.loginandlogout.login(loginandlogout.java:63)
at java.base/java.util.ArrayList.forEach(ArrayList.java:1511)
... Removed 30 stack frames]]>
    </failure>
  </testcase> <!-- login -->
  <testcase classname="com.HRM.loginandlogout" name="login" time="1.777">
    <failure type="java.lang.AssertionError" message="Invalid Credentials expected [true] but found [false]">
      <![CDATA[java.lang.AssertionError: Invalid Credentials expected [true] but found [false]
at com.HRM.loginandlogout.login(loginandlogout.java:63)
at java.base/java.util.ArrayList.forEach(ArrayList.java:1511)
... Removed 30 stack frames]]>
    </failure>
  </testcase> <!-- login -->
  <testcase classname="com.HRM.loginandlogout" name="login" time="1.667">
    <failure type="java.lang.AssertionError" message="Invalid Credentials expected [true] but found [false]">
      <![CDATA[java.lang.AssertionError: Invalid Credentials expected [true] but found [false]
at com.HRM.loginandlogout.login(loginandlogout.java:63)
at java.base/java.util.ArrayList.forEach(ArrayList.java:1511)
... Removed 30 stack frames]]>
    </failure>
  </testcase> <!-- login -->
  <testcase classname="com.HRM.loginandlogout" name="login" time="2.109"/>
  <testcase classname="com.HRM.loginandlogout" name="login" time="1.877">
    <failure type="java.lang.AssertionError" message="Invalid Credentials expected [true] but found [false]">
      <![CDATA[java.lang.AssertionError: Invalid Credentials expected [true] but found [false]
at com.HRM.loginandlogout.login(loginandlogout.java:63)
at java.base/java.util.ArrayList.forEach(ArrayList.java:1511)
... Removed 30 stack frames]]>
    </failure>
  </testcase> <!-- login -->
  <testcase classname="com.HRM.loginandlogout" name="login" time="1.865">
    <failure type="java.lang.AssertionError" message="Invalid Credentials expected [true] but found [false]">
      <![CDATA[java.lang.AssertionError: Invalid Credentials expected [true] but found [false]
at com.HRM.loginandlogout.login(loginandlogout.java:63)
at java.base/java.util.ArrayList.forEach(ArrayList.java:1511)
... Removed 30 stack frames]]>
    </failure>
  </testcase> <!-- login -->
  <testcase classname="com.HRM.loginandlogout" name="login" time="2.036"/>
</testsuite> <!-- loginandlogout -->
