<?xml version="1.0" encoding="UTF-8"?>
<!-- Generated by org.testng.reporters.JUnitXMLReporter -->
<testsuite ignored="0" hostname="Nitin" failures="0" tests="8" name="SavedataHrm" time="1.659" errors="0" timestamp="2024-12-29T02:39:32 IST">
  <testcase classname="com.HRM.SavedataHrm" name="f" time="0.021"/>
  <testcase classname="com.HRM.SavedataHrm" name="f" time="0.022"/>
  <testcase classname="com.HRM.SavedataHrm" name="f" time="0.008"/>
  <testcase classname="com.HRM.SavedataHrm" name="f" time="0.006"/>
  <testcase classname="com.HRM.SavedataHrm" name="f" time="0.005"/>
  <testcase classname="com.HRM.SavedataHrm" name="f" time="0.005"/>
  <testcase classname="com.HRM.SavedataHrm" name="f" time="0.005"/>
  <testcase classname="com.HRM.SavedataHrm" name="f" time="0.007"/>
</testsuite> <!-- SavedataHrm -->
