<?xml version="1.0" encoding="UTF-8"?>
<!-- Generated by org.testng.reporters.JUnitXMLReporter -->
<testsuite ignored="0" hostname="Nitin" failures="6" tests="8" name="Test" time="36.919" errors="0" timestamp="2024-12-27T12:42:50 IST">
  <testcase classname="com.HRM.loginandlogout" name="login" time="2.568">
    <failure type="java.lang.AssertionError">
      <![CDATA[java.lang.AssertionError: 
at com.HRM.loginandlogout.login(loginandlogout.java:44)
at java.base/java.util.ArrayList.forEach(ArrayList.java:1511)
... Removed 30 stack frames]]>
    </failure>
  </testcase> <!-- login -->
  <testcase classname="com.HRM.loginandlogout" name="login" time="1.867">
    <failure type="java.lang.AssertionError">
      <![CDATA[java.lang.AssertionError: 
at com.HRM.loginandlogout.login(loginandlogout.java:44)
at java.base/java.util.ArrayList.forEach(ArrayList.java:1511)
... Removed 30 stack frames]]>
    </failure>
  </testcase> <!-- login -->
  <testcase classname="com.HRM.loginandlogout" name="login" time="1.757">
    <failure type="java.lang.AssertionError">
      <![CDATA[java.lang.AssertionError: 
at com.HRM.loginandlogout.login(loginandlogout.java:44)
at java.base/java.util.ArrayList.forEach(ArrayList.java:1511)
... Removed 30 stack frames]]>
    </failure>
  </testcase> <!-- login -->
  <testcase classname="com.HRM.loginandlogout" name="login" time="1.556">
    <failure type="java.lang.AssertionError">
      <![CDATA[java.lang.AssertionError: 
at com.HRM.loginandlogout.login(loginandlogout.java:44)
at java.base/java.util.ArrayList.forEach(ArrayList.java:1511)
... Removed 30 stack frames]]>
    </failure>
  </testcase> <!-- login -->
  <testcase classname="com.HRM.loginandlogout" name="login" time="2.693"/>
  <testcase classname="com.HRM.loginandlogout" name="login" time="1.954">
    <failure type="java.lang.AssertionError">
      <![CDATA[java.lang.AssertionError: 
at com.HRM.loginandlogout.login(loginandlogout.java:44)
at java.base/java.util.ArrayList.forEach(ArrayList.java:1511)
... Removed 30 stack frames]]>
    </failure>
  </testcase> <!-- login -->
  <testcase classname="com.HRM.loginandlogout" name="login" time="1.528">
    <failure type="java.lang.AssertionError">
      <![CDATA[java.lang.AssertionError: 
at com.HRM.loginandlogout.login(loginandlogout.java:44)
at java.base/java.util.ArrayList.forEach(ArrayList.java:1511)
... Removed 30 stack frames]]>
    </failure>
  </testcase> <!-- login -->
  <testcase classname="com.HRM.loginandlogout" name="login" time="3.222"/>
</testsuite> <!-- Test -->
