<?xml version="1.0" encoding="UTF-8"?>
<testng-results ignored="0" total="12" passed="12" failed="0" skipped="0">
  <reporter-output>
  </reporter-output>
  <suite started-at="2024-12-26T03:32:07 IST" name="Suite" finished-at="2024-12-26T03:32:37 IST" duration-ms="30550">
    <groups>
    </groups>
    <test started-at="2024-12-26T03:32:07 IST" name="Hometestcase" finished-at="2024-12-26T03:32:22 IST" duration-ms="15556">
      <class name="com.DemoTestcase.Hometestcase">
        <test-method is-config="true" signature="launch()[pri:0, instance:com.DemoTestcase.Hometestcase@6f63b475]" started-at="2024-12-26T03:32:07 IST" name="launch" finished-at="2024-12-26T03:32:16 IST" duration-ms="9438" status="PASS">
          <reporter-output>
          </reporter-output>
        </test-method> <!-- launch -->
        <test-method signature="verifygettotalOption()[pri:1, instance:com.DemoTestcase.Hometestcase@6f63b475]" started-at="2024-12-26T03:32:16 IST" name="verifygettotalOption" finished-at="2024-12-26T03:32:16 IST" duration-ms="185" status="PASS">
          <reporter-output>
          </reporter-output>
        </test-method> <!-- verifygettotalOption -->
        <test-method signature="verifymenu()[pri:2, instance:com.DemoTestcase.Hometestcase@6f63b475]" started-at="2024-12-26T03:32:16 IST" name="verifymenu" finished-at="2024-12-26T03:32:17 IST" duration-ms="925" status="PASS">
          <reporter-output>
          </reporter-output>
        </test-method> <!-- verifymenu -->
        <test-method signature="verifyurl()[pri:3, instance:com.DemoTestcase.Hometestcase@6f63b475]" started-at="2024-12-26T03:32:17 IST" name="verifyurl" finished-at="2024-12-26T03:32:17 IST" duration-ms="9" status="PASS">
          <reporter-output>
          </reporter-output>
        </test-method> <!-- verifyurl -->
        <test-method signature="verifysign()[pri:4, instance:com.DemoTestcase.Hometestcase@6f63b475]" started-at="2024-12-26T03:32:17 IST" name="verifysign" finished-at="2024-12-26T03:32:18 IST" duration-ms="741" status="PASS">
          <reporter-output>
          </reporter-output>
        </test-method> <!-- verifysign -->
        <test-method signature="Verifyput()[pri:5, instance:com.DemoTestcase.Hometestcase@6f63b475]" started-at="2024-12-26T03:32:18 IST" name="Verifyput" finished-at="2024-12-26T03:32:21 IST" duration-ms="2814" status="PASS">
          <reporter-output>
          </reporter-output>
        </test-method> <!-- Verifyput -->
        <test-method signature="login()[pri:6, instance:com.DemoTestcase.Hometestcase@6f63b475]" started-at="2024-12-26T03:32:21 IST" name="login" finished-at="2024-12-26T03:32:22 IST" duration-ms="1257" status="PASS">
          <reporter-output>
          </reporter-output>
        </test-method> <!-- login -->
      </class> <!-- com.DemoTestcase.Hometestcase -->
    </test> <!-- Hometestcase -->
    <test started-at="2024-12-26T03:32:23 IST" name="Indexcases" finished-at="2024-12-26T03:32:37 IST" duration-ms="14369">
      <class name="com.DemoTestcase.Indexcases">
        <test-method is-config="true" signature="launch()[pri:0, instance:com.DemoTestcase.Indexcases@6155d082]" started-at="2024-12-26T03:32:23 IST" name="launch" finished-at="2024-12-26T03:32:28 IST" duration-ms="4781" status="PASS">
          <reporter-output>
          </reporter-output>
        </test-method> <!-- launch -->
        <test-method signature="verifygetcategory()[pri:1, instance:com.DemoTestcase.Indexcases@6155d082]" started-at="2024-12-26T03:32:28 IST" name="verifygetcategory" finished-at="2024-12-26T03:32:28 IST" duration-ms="280" status="PASS">
          <reporter-output>
          </reporter-output>
        </test-method> <!-- verifygetcategory -->
        <test-method signature="verifyalloption()[pri:2, instance:com.DemoTestcase.Indexcases@6155d082]" started-at="2024-12-26T03:32:28 IST" name="verifyalloption" finished-at="2024-12-26T03:32:29 IST" duration-ms="1404" status="PASS">
          <reporter-output>
          </reporter-output>
        </test-method> <!-- verifyalloption -->
        <test-method signature="verifyUrl()[pri:3, instance:com.DemoTestcase.Indexcases@6155d082]" started-at="2024-12-26T03:32:29 IST" name="verifyUrl" finished-at="2024-12-26T03:32:29 IST" duration-ms="58" status="PASS">
          <reporter-output>
          </reporter-output>
        </test-method> <!-- verifyUrl -->
        <test-method signature="verifyselect()[pri:4, instance:com.DemoTestcase.Indexcases@6155d082]" started-at="2024-12-26T03:32:29 IST" name="verifyselect" finished-at="2024-12-26T03:32:31 IST" duration-ms="1200" status="PASS">
          <reporter-output>
          </reporter-output>
        </test-method> <!-- verifyselect -->
        <test-method signature="verifyadd()[pri:5, instance:com.DemoTestcase.Indexcases@6155d082]" started-at="2024-12-26T03:32:31 IST" name="verifyadd" finished-at="2024-12-26T03:32:33 IST" duration-ms="2449" status="PASS">
          <reporter-output>
          </reporter-output>
        </test-method> <!-- verifyadd -->
        <test-method signature="verifylink()[pri:6, instance:com.DemoTestcase.Indexcases@6155d082]" started-at="2024-12-26T03:32:33 IST" name="verifylink" finished-at="2024-12-26T03:32:37 IST" duration-ms="4116" status="PASS">
          <reporter-output>
          </reporter-output>
        </test-method> <!-- verifylink -->
      </class> <!-- com.DemoTestcase.Indexcases -->
    </test> <!-- Indexcases -->
  </suite> <!-- Suite -->
</testng-results>
